<?xml version="1.0" encoding="UTF-8"?>
<!-- Generated by org.testng.reporters.JUnitXMLReporter -->
<testsuite hostname="BM4SW36Y2" tests="5" failures="0" timestamp="21 Apr 2020 05:31:00 GMT" time="0.213" errors="0">
  <testcase name="getAllBooksTestCaseOne" time="0.115" classname="BookServiceImplTest"/>
  <testcase name="getAllBooksTestCaseThree" time="0.011" classname="BookServiceImplTest"/>
  <testcase name="getAllBooksTestCaseTwo" time="0.007" classname="BookServiceImplTest"/>
  <testcase name="saveBookTestCaseOne" time="0.025" classname="BookServiceImplTest"/>
  <testcase name="saveBookTestCaseTwo" time="0.007" classname="BookServiceImplTest"/>
</testsuite>
